
  .   ____          _            __ _ _
 /\\ / ___'_ __ _ _(_)_ __  __ _ \ \ \ \
( ( )\___ | '_ | '_| | '_ \/ _` | \ \ \ \
 \\/  ___)| |_)| | | | | || (_| |  ) ) ) )
  '  |____| .__|_| |_|_| |_\__, | / / / /
 =========|_|==============|___/=/_/_/_/
 :: Spring Boot ::                (v2.7.4)

2023-03-18 19:25:48.796  INFO 8948 --- [           main] com.search.SearchEngineApp               : Starting SearchEngineApp using Java 17.0.4.1 on DESKTOP-T59K9S1 with PID 8948 (C:\Users\Michael\IdeaProjects\java_basics\SearchEngineApp\target\classes started by Michael in C:\Users\Michael\IdeaProjects\java_basics\SearchEngineApp)
2023-03-18 19:25:48.801  INFO 8948 --- [           main] com.search.SearchEngineApp               : No active profile set, falling back to 1 default profile: "default"
2023-03-18 19:25:49.750  INFO 8948 --- [           main] .s.d.r.c.RepositoryConfigurationDelegate : Bootstrapping Spring Data JPA repositories in DEFAULT mode.
2023-03-18 19:25:49.778  INFO 8948 --- [           main] .s.d.r.c.RepositoryConfigurationDelegate : Finished Spring Data repository scanning in 12 ms. Found 0 JPA repository interfaces.
2023-03-18 19:25:50.600  INFO 8948 --- [           main] o.s.b.w.embedded.tomcat.TomcatWebServer  : Tomcat initialized with port(s): 8080 (http)
2023-03-18 19:25:50.612  INFO 8948 --- [           main] o.apache.catalina.core.StandardService   : Starting service [Tomcat]
2023-03-18 19:25:50.612  INFO 8948 --- [           main] org.apache.catalina.core.StandardEngine  : Starting Servlet engine: [Apache Tomcat/9.0.65]
2023-03-18 19:25:50.758  INFO 8948 --- [           main] o.a.c.c.C.[Tomcat].[localhost].[/]       : Initializing Spring embedded WebApplicationContext
2023-03-18 19:25:50.758  INFO 8948 --- [           main] w.s.c.ServletWebServerApplicationContext : Root WebApplicationContext: initialization completed in 1869 ms
2023-03-18 19:25:51.433  INFO 8948 --- [           main] com.zaxxer.hikari.HikariDataSource       : HikariPool-1 - Starting...
2023-03-18 19:25:51.589  INFO 8948 --- [           main] com.zaxxer.hikari.HikariDataSource       : HikariPool-1 - Start completed.
2023-03-18 19:25:52.369  INFO 8948 --- [           main] j.LocalContainerEntityManagerFactoryBean : Initialized JPA EntityManagerFactory for persistence unit 'default'
2023-03-18 19:25:52.797  WARN 8948 --- [           main] JpaBaseConfiguration$JpaWebConfiguration : spring.jpa.open-in-view is enabled by default. Therefore, database queries may be performed during view rendering. Explicitly configure spring.jpa.open-in-view to disable this warning
2023-03-18 19:25:53.037  INFO 8948 --- [           main] o.s.b.a.w.s.WelcomePageHandlerMapping    : Adding welcome page template: index
2023-03-18 19:25:53.344  INFO 8948 --- [           main] o.s.b.w.embedded.tomcat.TomcatWebServer  : Tomcat started on port(s): 8080 (http) with context path ''
2023-03-18 19:25:53.358  INFO 8948 --- [           main] com.search.SearchEngineApp               : Started SearchEngineApp in 5.193 seconds (JVM running for 5.812)
2023-03-18 19:25:58.500  INFO 8948 --- [nio-8080-exec-1] o.a.c.c.C.[Tomcat].[localhost].[/]       : Initializing Spring DispatcherServlet 'dispatcherServlet'
2023-03-18 19:25:58.500  INFO 8948 --- [nio-8080-exec-1] o.s.web.servlet.DispatcherServlet        : Initializing Servlet 'dispatcherServlet'
2023-03-18 19:25:58.501  INFO 8948 --- [nio-8080-exec-1] o.s.web.servlet.DispatcherServlet        : Completed initialization in 1 ms
2023-03-18 19:25:59.456  INFO 8948 --- [       Thread-6]                                          : Индексация сайта https://www.svetlovka.ru началась
2023-03-18 19:25:59.456  INFO 8948 --- [      Thread-10]                                          : Индексация сайта https://ipfran.ru началась
2023-03-18 19:25:59.456  INFO 8948 --- [       Thread-8]                                          : Индексация сайта https://dombulgakova.ru началась
2023-03-18 19:26:04.348  INFO 8948 --- [      Thread-20]                                          : Найдено 50 страниц
2023-03-18 19:26:07.466  INFO 8948 --- [      Thread-13]                                          : Найдено 100 страниц
2023-03-18 19:26:10.976  INFO 8948 --- [      Thread-17]                                          : Найдено 150 страниц
2023-03-18 19:26:16.460  INFO 8948 --- [Pool-2-worker-3]                                          : Найдено 200 страниц
2023-03-18 19:26:20.534  INFO 8948 --- [      Thread-17]                                          : Найдено 250 страниц
2023-03-18 19:26:26.612  INFO 8948 --- [      Thread-19]                                          : Найдено 300 страниц
2023-03-18 19:26:31.829  INFO 8948 --- [      Thread-21]                                          : Найдено 350 страниц
2023-03-18 19:26:36.336  INFO 8948 --- [      Thread-18]                                          : Найдено 400 страниц
2023-03-18 19:26:41.347  INFO 8948 --- [      Thread-16]                                          : Найдено 450 страниц
2023-03-18 19:26:44.424  INFO 8948 --- [      Thread-23]                                          : Найдено 500 страниц
2023-03-18 19:26:44.718  INFO 8948 --- [      Thread-23]                                          : Идет создание лемм и индексов (50 из 500)
2023-03-18 19:26:45.233  INFO 8948 --- [      Thread-23]                                          : Идет создание лемм и индексов (100 из 500)
2023-03-18 19:26:45.646  INFO 8948 --- [      Thread-23]                                          : Идет создание лемм и индексов (150 из 500)
2023-03-18 19:26:46.016  INFO 8948 --- [      Thread-23]                                          : Идет создание лемм и индексов (200 из 500)
2023-03-18 19:26:46.647  INFO 8948 --- [      Thread-23]                                          : Идет создание лемм и индексов (250 из 500)
2023-03-18 19:26:47.599  INFO 8948 --- [      Thread-23]                                          : Идет создание лемм и индексов (300 из 500)
2023-03-18 19:26:48.842  INFO 8948 --- [      Thread-23]                                          : Идет создание лемм и индексов (350 из 500)
2023-03-18 19:26:49.563  INFO 8948 --- [      Thread-23]                                          : Идет создание лемм и индексов (400 из 500)
2023-03-18 19:26:50.598  INFO 8948 --- [      Thread-23]                                          : Идет создание лемм и индексов (450 из 500)
2023-03-18 19:26:52.091  INFO 8948 --- [      Thread-23]                                          : Идет создание лемм и индексов (500 из 500)
2023-03-18 19:26:52.097  INFO 8948 --- [      Thread-23]                                          : Подготовка запроса вставки лемм 1000 из 10711
2023-03-18 19:26:52.098  INFO 8948 --- [      Thread-23]                                          : Подготовка запроса вставки лемм 2000 из 10711
2023-03-18 19:26:52.099  INFO 8948 --- [      Thread-23]                                          : Подготовка запроса вставки лемм 3000 из 10711
2023-03-18 19:26:52.100  INFO 8948 --- [      Thread-23]                                          : Подготовка запроса вставки лемм 4000 из 10711
2023-03-18 19:26:52.102  INFO 8948 --- [      Thread-23]                                          : Подготовка запроса вставки лемм 5000 из 10711
2023-03-18 19:26:52.104  INFO 8948 --- [      Thread-23]                                          : Подготовка запроса вставки лемм 6000 из 10711
2023-03-18 19:26:52.105  INFO 8948 --- [      Thread-23]                                          : Подготовка запроса вставки лемм 7000 из 10711
2023-03-18 19:26:52.106  INFO 8948 --- [      Thread-23]                                          : Подготовка запроса вставки лемм 8000 из 10711
2023-03-18 19:26:52.107  INFO 8948 --- [      Thread-23]                                          : Подготовка запроса вставки лемм 9000 из 10711
2023-03-18 19:26:52.108  INFO 8948 --- [      Thread-23]                                          : Подготовка запроса вставки лемм 10000 из 10711
2023-03-18 19:26:52.109  INFO 8948 --- [      Thread-23]                                          : Подготовка запроса вставки лемм 11000 из 10711
2023-03-18 19:26:52.110  INFO 8948 --- [      Thread-23]                                          : Подготовка запроса вставки лемм 12000 из 10711
2023-03-18 19:26:52.111  INFO 8948 --- [      Thread-23]                                          : Подготовка запроса вставки лемм 13000 из 10711
2023-03-18 19:26:52.112  INFO 8948 --- [      Thread-23]                                          : Подготовка запроса вставки лемм 14000 из 10711
2023-03-18 19:26:52.310  INFO 8948 --- [      Thread-23]                                          : 10711 лемм успешно записаны
2023-03-18 19:26:52.324  INFO 8948 --- [      Thread-23]                                          : Подготовка запроса вставки индексов 10000 из 109785
2023-03-18 19:26:52.331  INFO 8948 --- [      Thread-23]                                          : Подготовка запроса вставки индексов 20000 из 109785
2023-03-18 19:26:52.337  INFO 8948 --- [      Thread-23]                                          : Подготовка запроса вставки индексов 30000 из 109785
2023-03-18 19:26:52.341  INFO 8948 --- [      Thread-23]                                          : Подготовка запроса вставки индексов 40000 из 109785
2023-03-18 19:26:52.347  INFO 8948 --- [      Thread-23]                                          : Подготовка запроса вставки индексов 50000 из 109785
2023-03-18 19:26:52.353  INFO 8948 --- [      Thread-23]                                          : Подготовка запроса вставки индексов 60000 из 109785
2023-03-18 19:26:52.358  INFO 8948 --- [      Thread-23]                                          : Подготовка запроса вставки индексов 70000 из 109785
2023-03-18 19:26:52.363  INFO 8948 --- [      Thread-23]                                          : Подготовка запроса вставки индексов 80000 из 109785
2023-03-18 19:26:52.367  INFO 8948 --- [      Thread-23]                                          : Подготовка запроса вставки индексов 90000 из 109785
2023-03-18 19:26:52.372  INFO 8948 --- [      Thread-23]                                          : Подготовка запроса вставки индексов 100000 из 109785
2023-03-18 19:26:53.434  INFO 8948 --- [      Thread-23]                                          : 109785 индексов успешно записаны
2023-03-18 19:26:53.538  INFO 8948 --- [      Thread-23]                                          : Подготовка запроса вставки страниц 50 из 500
2023-03-18 19:26:53.605  INFO 8948 --- [      Thread-23]                                          : Подготовка запроса вставки страниц 100 из 500
2023-03-18 19:26:53.651  INFO 8948 --- [      Thread-23]                                          : Подготовка запроса вставки страниц 150 из 500
2023-03-18 19:26:53.708  INFO 8948 --- [      Thread-23]                                          : Подготовка запроса вставки страниц 200 из 500
2023-03-18 19:26:53.726  INFO 8948 --- [      Thread-23]                                          : Подготовка запроса вставки страниц 250 из 500
2023-03-18 19:26:53.785  INFO 8948 --- [      Thread-23]                                          : Подготовка запроса вставки страниц 300 из 500
2023-03-18 19:26:53.809  INFO 8948 --- [      Thread-23]                                          : Подготовка запроса вставки страниц 350 из 500
2023-03-18 19:26:53.844  INFO 8948 --- [      Thread-23]                                          : Подготовка запроса вставки страниц 400 из 500
2023-03-18 19:26:53.895  INFO 8948 --- [      Thread-23]                                          : Подготовка запроса вставки страниц 450 из 500
2023-03-18 19:26:53.907  INFO 8948 --- [      Thread-23]                                          : Подготовка запроса вставки страниц 500 из 500
2023-03-18 19:26:55.139  INFO 8948 --- [      Thread-23]                                          : 500 страниц успешно сохранено
2023-03-18 19:27:02.879  INFO 8948 --- [Pool-2-worker-3]                                          : Найдено 50 страниц
2023-03-18 19:27:11.450  INFO 8948 --- [Pool-2-worker-3]                                          : Найдено 100 страниц
2023-03-18 19:27:18.773  INFO 8948 --- [Pool-2-worker-3]                                          : Найдено 150 страниц
2023-03-18 19:27:28.688  INFO 8948 --- [Pool-2-worker-3]                                          : Найдено 200 страниц
2023-03-18 19:27:36.448  INFO 8948 --- [Pool-2-worker-3]                                          : Найдено 250 страниц
2023-03-18 19:27:45.668  INFO 8948 --- [Pool-2-worker-3]                                          : Найдено 300 страниц
2023-03-18 19:27:54.247  INFO 8948 --- [      Thread-53]                                          : Найдено 350 страниц
2023-03-18 19:27:58.508  INFO 8948 --- [Pool-2-worker-3]                                          : Найдено 400 страниц
2023-03-18 19:28:03.682  INFO 8948 --- [      Thread-55]                                          : Найдено 450 страниц
2023-03-18 19:28:08.994  INFO 8948 --- [Pool-2-worker-3]                                          : Найдено 500 страниц
2023-03-18 19:28:09.025  INFO 8948 --- [Pool-2-worker-3]                                          : Идет создание лемм и индексов (50 из 500)
2023-03-18 19:28:09.029  INFO 8948 --- [Pool-2-worker-3]                                          : Идет создание лемм и индексов (100 из 500)
2023-03-18 19:28:09.048  INFO 8948 --- [Pool-2-worker-3]                                          : Идет создание лемм и индексов (150 из 500)
2023-03-18 19:28:09.062  INFO 8948 --- [Pool-2-worker-3]                                          : Идет создание лемм и индексов (200 из 500)
2023-03-18 19:28:09.088  INFO 8948 --- [Pool-2-worker-3]                                          : Идет создание лемм и индексов (250 из 500)
2023-03-18 19:28:09.125  INFO 8948 --- [Pool-2-worker-3]                                          : Идет создание лемм и индексов (300 из 500)
2023-03-18 19:28:09.182  INFO 8948 --- [Pool-2-worker-3]                                          : Идет создание лемм и индексов (350 из 500)
2023-03-18 19:28:09.314  INFO 8948 --- [Pool-2-worker-3]                                          : Идет создание лемм и индексов (400 из 500)
2023-03-18 19:28:09.371  INFO 8948 --- [Pool-2-worker-3]                                          : Идет создание лемм и индексов (450 из 500)
2023-03-18 19:28:09.467  INFO 8948 --- [Pool-2-worker-3]                                          : Идет создание лемм и индексов (500 из 500)
2023-03-18 19:28:09.468  INFO 8948 --- [Pool-2-worker-3]                                          : Подготовка запроса вставки лемм 1000 из 1991
2023-03-18 19:28:09.468  INFO 8948 --- [Pool-2-worker-3]                                          : Подготовка запроса вставки лемм 2000 из 1991
2023-03-18 19:28:09.524  INFO 8948 --- [Pool-2-worker-3]                                          : 1991 лемм успешно записаны
2023-03-18 19:28:09.527  INFO 8948 --- [Pool-2-worker-3]                                          : Подготовка запроса вставки индексов 10000 из 15909
2023-03-18 19:28:09.763  INFO 8948 --- [Pool-2-worker-3]                                          : 15909 индексов успешно записаны
2023-03-18 19:28:09.777  INFO 8948 --- [Pool-2-worker-3]                                          : Подготовка запроса вставки страниц 50 из 500
2023-03-18 19:28:09.788  INFO 8948 --- [Pool-2-worker-3]                                          : Подготовка запроса вставки страниц 100 из 500
2023-03-18 19:28:09.792  INFO 8948 --- [Pool-2-worker-3]                                          : Подготовка запроса вставки страниц 150 из 500
2023-03-18 19:28:09.816  INFO 8948 --- [Pool-2-worker-3]                                          : Подготовка запроса вставки страниц 200 из 500
2023-03-18 19:28:09.828  INFO 8948 --- [Pool-2-worker-3]                                          : Подготовка запроса вставки страниц 250 из 500
2023-03-18 19:28:09.832  INFO 8948 --- [Pool-2-worker-3]                                          : Подготовка запроса вставки страниц 300 из 500
2023-03-18 19:28:09.845  INFO 8948 --- [Pool-2-worker-3]                                          : Подготовка запроса вставки страниц 350 из 500
2023-03-18 19:28:09.848  INFO 8948 --- [Pool-2-worker-3]                                          : Подготовка запроса вставки страниц 400 из 500
2023-03-18 19:28:09.848  INFO 8948 --- [Pool-2-worker-3]                                          : Подготовка запроса вставки страниц 450 из 500
2023-03-18 19:28:09.848  INFO 8948 --- [Pool-2-worker-3]                                          : Подготовка запроса вставки страниц 500 из 500
2023-03-18 19:28:10.459  INFO 8948 --- [Pool-2-worker-3]                                          : 500 страниц успешно сохранено
2023-03-18 19:28:17.039  INFO 8948 --- [      Thread-55]                                          : Найдено 50 страниц
2023-03-18 19:28:22.543  INFO 8948 --- [      Thread-54]                                          : Найдено 100 страниц
2023-03-18 19:28:27.646  INFO 8948 --- [Pool-2-worker-3]                                          : Найдено 150 страниц
2023-03-18 19:28:32.450  INFO 8948 --- [Pool-2-worker-3]                                          : Найдено 200 страниц
2023-03-18 19:28:38.598  INFO 8948 --- [Pool-2-worker-3]                                          : Найдено 250 страниц
2023-03-18 19:28:43.530  INFO 8948 --- [Pool-2-worker-3]                                          : Найдено 300 страниц
2023-03-18 19:28:49.804  INFO 8948 --- [Pool-2-worker-3]                                          : Найдено 350 страниц
2023-03-18 19:28:54.647  INFO 8948 --- [Pool-2-worker-3]                                          : Найдено 400 страниц
2023-03-18 19:28:59.750  INFO 8948 --- [Pool-2-worker-3]                                          : Найдено 450 страниц
2023-03-18 19:29:04.663  INFO 8948 --- [      Thread-55]                                          : Найдено 500 страниц
2023-03-18 19:29:04.666  INFO 8948 --- [      Thread-55]                                          : Идет создание лемм и индексов (50 из 500)
2023-03-18 19:29:04.669  INFO 8948 --- [      Thread-55]                                          : Идет создание лемм и индексов (100 из 500)
2023-03-18 19:29:04.672  INFO 8948 --- [      Thread-55]                                          : Идет создание лемм и индексов (150 из 500)
2023-03-18 19:29:04.675  INFO 8948 --- [      Thread-55]                                          : Идет создание лемм и индексов (200 из 500)
2023-03-18 19:29:04.679  INFO 8948 --- [      Thread-55]                                          : Идет создание лемм и индексов (250 из 500)
2023-03-18 19:29:04.682  INFO 8948 --- [      Thread-55]                                          : Идет создание лемм и индексов (300 из 500)
2023-03-18 19:29:04.685  INFO 8948 --- [      Thread-55]                                          : Идет создание лемм и индексов (350 из 500)
2023-03-18 19:29:04.688  INFO 8948 --- [      Thread-55]                                          : Идет создание лемм и индексов (400 из 500)
2023-03-18 19:29:04.697  INFO 8948 --- [      Thread-55]                                          : Идет создание лемм и индексов (450 из 500)
2023-03-18 19:29:04.702  INFO 8948 --- [      Thread-55]                                          : Идет создание лемм и индексов (500 из 500)
2023-03-18 19:29:04.723  INFO 8948 --- [      Thread-55]                                          : 190 лемм успешно записаны
2023-03-18 19:29:04.730  INFO 8948 --- [      Thread-55]                                          : 190 индексов успешно записаны
2023-03-18 19:29:04.731  INFO 8948 --- [      Thread-55]                                          : Подготовка запроса вставки страниц 50 из 500
2023-03-18 19:29:04.732  INFO 8948 --- [      Thread-55]                                          : Подготовка запроса вставки страниц 100 из 500
2023-03-18 19:29:04.732  INFO 8948 --- [      Thread-55]                                          : Подготовка запроса вставки страниц 150 из 500
2023-03-18 19:29:04.732  INFO 8948 --- [      Thread-55]                                          : Подготовка запроса вставки страниц 200 из 500
2023-03-18 19:29:04.732  INFO 8948 --- [      Thread-55]                                          : Подготовка запроса вставки страниц 250 из 500
2023-03-18 19:29:04.733  INFO 8948 --- [      Thread-55]                                          : Подготовка запроса вставки страниц 300 из 500
2023-03-18 19:29:04.733  INFO 8948 --- [      Thread-55]                                          : Подготовка запроса вставки страниц 350 из 500
2023-03-18 19:29:04.733  INFO 8948 --- [      Thread-55]                                          : Подготовка запроса вставки страниц 400 из 500
2023-03-18 19:29:04.733  INFO 8948 --- [      Thread-55]                                          : Подготовка запроса вставки страниц 450 из 500
2023-03-18 19:29:04.733  INFO 8948 --- [      Thread-55]                                          : Подготовка запроса вставки страниц 500 из 500
2023-03-18 19:29:05.211  INFO 8948 --- [      Thread-55]                                          : 500 страниц успешно сохранено
2023-03-18 19:29:10.684  INFO 8948 --- [Pool-2-worker-3]                                          : Найдено 50 страниц
2023-03-18 19:29:15.744  INFO 8948 --- [Pool-2-worker-3]                                          : Найдено 100 страниц
2023-03-18 19:29:20.949  INFO 8948 --- [      Thread-97]                                          : Найдено 150 страниц
2023-03-18 19:29:26.011  INFO 8948 --- [Pool-2-worker-3]                                          : Найдено 200 страниц
2023-03-18 19:29:31.594  INFO 8948 --- [Pool-2-worker-3]                                          : Найдено 250 страниц
2023-03-18 19:29:37.735  INFO 8948 --- [Pool-2-worker-3]                                          : Найдено 300 страниц
2023-03-18 19:29:47.744  INFO 8948 --- [Pool-2-worker-1]                                          : Найдено 350 страниц
2023-03-18 19:29:57.214  INFO 8948 --- [Pool-2-worker-3]                                          : Найдено 400 страниц
2023-03-18 19:30:04.962  INFO 8948 --- [Pool-2-worker-3]                                          : Найдено 450 страниц
2023-03-18 19:30:14.389  INFO 8948 --- [Pool-2-worker-1]                                          : Найдено 500 страниц
2023-03-18 19:30:14.393  INFO 8948 --- [Pool-2-worker-1]                                          : Идет создание лемм и индексов (50 из 500)
2023-03-18 19:30:14.398  INFO 8948 --- [Pool-2-worker-1]                                          : Идет создание лемм и индексов (100 из 500)
2023-03-18 19:30:14.402  INFO 8948 --- [Pool-2-worker-1]                                          : Идет создание лемм и индексов (150 из 500)
2023-03-18 19:30:14.407  INFO 8948 --- [Pool-2-worker-1]                                          : Идет создание лемм и индексов (200 из 500)
2023-03-18 19:30:14.411  INFO 8948 --- [Pool-2-worker-1]                                          : Идет создание лемм и индексов (250 из 500)
2023-03-18 19:30:14.416  INFO 8948 --- [Pool-2-worker-1]                                          : Идет создание лемм и индексов (300 из 500)
2023-03-18 19:30:14.420  INFO 8948 --- [Pool-2-worker-1]                                          : Идет создание лемм и индексов (350 из 500)
2023-03-18 19:30:14.424  INFO 8948 --- [Pool-2-worker-1]                                          : Идет создание лемм и индексов (400 из 500)
2023-03-18 19:30:14.428  INFO 8948 --- [Pool-2-worker-1]                                          : Идет создание лемм и индексов (450 из 500)
2023-03-18 19:30:14.431  INFO 8948 --- [Pool-2-worker-1]                                          : Идет создание лемм и индексов (500 из 500)
2023-03-18 19:30:14.432  INFO 8948 --- [Pool-2-worker-1]                                          : Подготовка запроса вставки страниц 50 из 500
2023-03-18 19:30:14.432  INFO 8948 --- [Pool-2-worker-1]                                          : Подготовка запроса вставки страниц 100 из 500
2023-03-18 19:30:14.432  INFO 8948 --- [Pool-2-worker-1]                                          : Подготовка запроса вставки страниц 150 из 500
2023-03-18 19:30:14.432  INFO 8948 --- [Pool-2-worker-1]                                          : Подготовка запроса вставки страниц 200 из 500
2023-03-18 19:30:14.433  INFO 8948 --- [Pool-2-worker-1]                                          : Подготовка запроса вставки страниц 250 из 500
2023-03-18 19:30:14.433  INFO 8948 --- [Pool-2-worker-1]                                          : Подготовка запроса вставки страниц 300 из 500
2023-03-18 19:30:14.433  INFO 8948 --- [Pool-2-worker-1]                                          : Подготовка запроса вставки страниц 350 из 500
2023-03-18 19:30:14.433  INFO 8948 --- [Pool-2-worker-1]                                          : Подготовка запроса вставки страниц 400 из 500
2023-03-18 19:30:14.433  INFO 8948 --- [Pool-2-worker-1]                                          : Подготовка запроса вставки страниц 450 из 500
2023-03-18 19:30:14.433  INFO 8948 --- [Pool-2-worker-1]                                          : Подготовка запроса вставки страниц 500 из 500
2023-03-18 19:30:15.017  INFO 8948 --- [Pool-2-worker-1]                                          : 500 страниц успешно сохранено
2023-03-18 19:30:24.691  INFO 8948 --- [Pool-2-worker-3]                                          : Найдено 50 страниц
2023-03-18 19:30:35.727  INFO 8948 --- [Pool-2-worker-3]                                          : Найдено 100 страниц
2023-03-18 19:30:56.945  INFO 8948 --- [Pool-2-worker-3]                                          : Найдено 150 страниц
2023-03-18 19:31:19.254  INFO 8948 --- [Pool-2-worker-3]                                          : Найдено 200 страниц
2023-03-18 19:31:31.091  INFO 8948 --- [Pool-2-worker-3]                                          : Найдено 250 страниц
2023-03-18 19:31:43.819  INFO 8948 --- [       Thread-6]                                          : Индексация сайта https://www.svetlovka.ru завершилась успешно
2023-03-18 19:31:47.326  INFO 8948 --- [Pool-2-worker-1]                                          : Найдено 300 страниц
2023-03-18 19:31:59.484  INFO 8948 --- [       Thread-8]                                          : Индексация сайта https://dombulgakova.ru завершилась успешно
2023-03-18 19:33:12.586  INFO 8948 --- [Pool-2-worker-1]                                          : Найдено 350 страниц
2023-03-18 19:34:37.725  INFO 8948 --- [Pool-2-worker-1]                                          : Найдено 400 страниц
2023-03-18 19:35:55.510  INFO 8948 --- [Pool-2-worker-1]                                          : Найдено 450 страниц
2023-03-18 19:36:36.709  INFO 8948 --- [     Thread-129]                                          : Найдено 500 страниц
2023-03-18 19:36:36.726  INFO 8948 --- [     Thread-129]                                          : Идет создание лемм и индексов (50 из 500)
2023-03-18 19:36:36.740  INFO 8948 --- [     Thread-129]                                          : Идет создание лемм и индексов (100 из 500)
2023-03-18 19:36:36.743  INFO 8948 --- [     Thread-129]                                          : Идет создание лемм и индексов (150 из 500)
2023-03-18 19:36:36.761  INFO 8948 --- [     Thread-129]                                          : Идет создание лемм и индексов (200 из 500)
2023-03-18 19:36:36.764  INFO 8948 --- [     Thread-129]                                          : Идет создание лемм и индексов (250 из 500)
2023-03-18 19:36:36.767  INFO 8948 --- [     Thread-129]                                          : Идет создание лемм и индексов (300 из 500)
2023-03-18 19:36:36.770  INFO 8948 --- [     Thread-129]                                          : Идет создание лемм и индексов (350 из 500)
2023-03-18 19:36:36.780  INFO 8948 --- [     Thread-129]                                          : Идет создание лемм и индексов (400 из 500)
2023-03-18 19:36:36.803  INFO 8948 --- [     Thread-129]                                          : Идет создание лемм и индексов (450 из 500)
2023-03-18 19:36:36.821  INFO 8948 --- [     Thread-129]                                          : Идет создание лемм и индексов (500 из 500)
2023-03-18 19:36:36.845  INFO 8948 --- [     Thread-129]                                          : 503 лемм успешно записаны
2023-03-18 19:36:36.923  INFO 8948 --- [     Thread-129]                                          : 5370 индексов успешно записаны
2023-03-18 19:36:36.924  INFO 8948 --- [     Thread-129]                                          : Подготовка запроса вставки страниц 50 из 500
2023-03-18 19:36:36.926  INFO 8948 --- [     Thread-129]                                          : Подготовка запроса вставки страниц 100 из 500
2023-03-18 19:36:36.934  INFO 8948 --- [     Thread-129]                                          : Подготовка запроса вставки страниц 150 из 500
2023-03-18 19:36:36.934  INFO 8948 --- [     Thread-129]                                          : Подготовка запроса вставки страниц 200 из 500
2023-03-18 19:36:36.934  INFO 8948 --- [     Thread-129]                                          : Подготовка запроса вставки страниц 250 из 500
2023-03-18 19:36:36.935  INFO 8948 --- [     Thread-129]                                          : Подготовка запроса вставки страниц 300 из 500
2023-03-18 19:36:36.935  INFO 8948 --- [     Thread-129]                                          : Подготовка запроса вставки страниц 350 из 500
2023-03-18 19:36:36.935  INFO 8948 --- [     Thread-129]                                          : Подготовка запроса вставки страниц 400 из 500
2023-03-18 19:36:36.935  INFO 8948 --- [     Thread-129]                                          : Подготовка запроса вставки страниц 450 из 500
2023-03-18 19:36:36.935  INFO 8948 --- [     Thread-129]                                          : Подготовка запроса вставки страниц 500 из 500
2023-03-18 19:36:37.434  INFO 8948 --- [     Thread-129]                                          : 500 страниц успешно сохранено
2023-03-18 19:36:57.738  INFO 8948 --- [Pool-2-worker-1]                                          : Найдено 50 страниц
2023-03-18 19:38:08.754  INFO 8948 --- [     Thread-136]                                          : Найдено 100 страниц
2023-03-18 19:38:21.209  INFO 8948 --- [     Thread-135]                                          : Найдено 150 страниц
2023-03-18 19:39:02.932  INFO 8948 --- [Pool-2-worker-1]                                          : Найдено 200 страниц
2023-03-18 19:39:55.463  INFO 8948 --- [     Thread-139]                                          : Найдено 250 страниц
2023-03-18 19:40:13.332  INFO 8948 --- [Pool-2-worker-1]                                          : Найдено 300 страниц
2023-03-18 19:41:26.137  INFO 8948 --- [Pool-2-worker-1]                                          : Найдено 350 страниц
2023-03-18 19:42:32.393  INFO 8948 --- [Pool-2-worker-1]                                          : Найдено 400 страниц
2023-03-18 19:43:30.525  INFO 8948 --- [Pool-2-worker-1]                                          : Найдено 450 страниц
2023-03-18 19:44:38.839  INFO 8948 --- [Pool-2-worker-1]                                          : Найдено 500 страниц
2023-03-18 19:44:38.839  INFO 8948 --- [Pool-2-worker-1]                                          : Идет создание лемм и индексов (50 из 500)
2023-03-18 19:44:38.839  INFO 8948 --- [Pool-2-worker-1]                                          : Идет создание лемм и индексов (100 из 500)
2023-03-18 19:44:38.839  INFO 8948 --- [Pool-2-worker-1]                                          : Идет создание лемм и индексов (150 из 500)
2023-03-18 19:44:38.839  INFO 8948 --- [Pool-2-worker-1]                                          : Идет создание лемм и индексов (200 из 500)
2023-03-18 19:44:38.855  INFO 8948 --- [Pool-2-worker-1]                                          : Идет создание лемм и индексов (250 из 500)
2023-03-18 19:44:38.857  INFO 8948 --- [Pool-2-worker-1]                                          : Идет создание лемм и индексов (300 из 500)
2023-03-18 19:44:38.860  INFO 8948 --- [Pool-2-worker-1]                                          : Идет создание лемм и индексов (350 из 500)
2023-03-18 19:44:38.863  INFO 8948 --- [Pool-2-worker-1]                                          : Идет создание лемм и индексов (400 из 500)
2023-03-18 19:44:38.865  INFO 8948 --- [Pool-2-worker-1]                                          : Идет создание лемм и индексов (450 из 500)
2023-03-18 19:44:38.868  INFO 8948 --- [Pool-2-worker-1]                                          : Идет создание лемм и индексов (500 из 500)
2023-03-18 19:44:38.869  INFO 8948 --- [Pool-2-worker-1]                                          : Подготовка запроса вставки страниц 50 из 500
2023-03-18 19:44:38.869  INFO 8948 --- [Pool-2-worker-1]                                          : Подготовка запроса вставки страниц 100 из 500
2023-03-18 19:44:38.869  INFO 8948 --- [Pool-2-worker-1]                                          : Подготовка запроса вставки страниц 150 из 500
2023-03-18 19:44:38.869  INFO 8948 --- [Pool-2-worker-1]                                          : Подготовка запроса вставки страниц 200 из 500
2023-03-18 19:44:38.869  INFO 8948 --- [Pool-2-worker-1]                                          : Подготовка запроса вставки страниц 250 из 500
2023-03-18 19:44:38.870  INFO 8948 --- [Pool-2-worker-1]                                          : Подготовка запроса вставки страниц 300 из 500
2023-03-18 19:44:38.870  INFO 8948 --- [Pool-2-worker-1]                                          : Подготовка запроса вставки страниц 350 из 500
2023-03-18 19:44:38.870  INFO 8948 --- [Pool-2-worker-1]                                          : Подготовка запроса вставки страниц 400 из 500
2023-03-18 19:44:38.870  INFO 8948 --- [Pool-2-worker-1]                                          : Подготовка запроса вставки страниц 450 из 500
2023-03-18 19:44:38.871  INFO 8948 --- [Pool-2-worker-1]                                          : Подготовка запроса вставки страниц 500 из 500
2023-03-18 19:44:39.373  INFO 8948 --- [Pool-2-worker-1]                                          : 500 страниц успешно сохранено
2023-03-18 19:45:49.445  INFO 8948 --- [Pool-2-worker-1]                                          : Найдено 50 страниц
2023-03-18 19:47:31.653  INFO 8948 --- [Pool-2-worker-1]                                          : Найдено 100 страниц
2023-03-18 19:48:37.388  INFO 8948 --- [Pool-2-worker-1]                                          : Найдено 150 страниц
2023-03-18 19:49:42.873  INFO 8948 --- [Pool-2-worker-1]                                          : Найдено 200 страниц
2023-03-18 19:50:47.641  INFO 8948 --- [Pool-2-worker-1]                                          : Найдено 250 страниц
2023-03-18 19:51:50.616  INFO 8948 --- [Pool-2-worker-1]                                          : Найдено 300 страниц
2023-03-18 19:52:51.077  INFO 8948 --- [Pool-2-worker-1]                                          : Найдено 350 страниц
2023-03-18 19:53:16.741  INFO 8948 --- [      Thread-10]                                          : Индексация сайта https://ipfran.ru завершилась успешно
2023-03-18 19:53:16.741  INFO 8948 --- [      Thread-11]                                          : Идет создание лемм и индексов (50 из 368)
2023-03-18 19:53:16.749  INFO 8948 --- [      Thread-11]                                          : Идет создание лемм и индексов (100 из 368)
2023-03-18 19:53:16.757  INFO 8948 --- [      Thread-11]                                          : Идет создание лемм и индексов (150 из 368)
2023-03-18 19:53:16.757  INFO 8948 --- [      Thread-11]                                          : Идет создание лемм и индексов (200 из 368)
2023-03-18 19:53:16.765  INFO 8948 --- [      Thread-11]                                          : Идет создание лемм и индексов (250 из 368)
2023-03-18 19:53:16.765  INFO 8948 --- [      Thread-11]                                          : Идет создание лемм и индексов (300 из 368)
2023-03-18 19:53:16.765  INFO 8948 --- [      Thread-11]                                          : Идет создание лемм и индексов (350 из 368)
2023-03-18 19:53:16.773  INFO 8948 --- [      Thread-11]                                          : Подготовка запроса вставки страниц 50 из 368
2023-03-18 19:53:16.773  INFO 8948 --- [      Thread-11]                                          : Подготовка запроса вставки страниц 100 из 368
2023-03-18 19:53:16.773  INFO 8948 --- [      Thread-11]                                          : Подготовка запроса вставки страниц 150 из 368
2023-03-18 19:53:16.773  INFO 8948 --- [      Thread-11]                                          : Подготовка запроса вставки страниц 200 из 368
2023-03-18 19:53:16.773  INFO 8948 --- [      Thread-11]                                          : Подготовка запроса вставки страниц 250 из 368
2023-03-18 19:53:16.773  INFO 8948 --- [      Thread-11]                                          : Подготовка запроса вставки страниц 300 из 368
2023-03-18 19:53:16.773  INFO 8948 --- [      Thread-11]                                          : Подготовка запроса вставки страниц 350 из 368
2023-03-18 19:53:17.234  INFO 8948 --- [      Thread-11]                                          : 368 страниц успешно сохранено
2023-03-18 19:53:17.435  INFO 8948 --- [      Thread-11]                                          : Индексация полностью завершена
2023-03-18 21:02:32.273  WARN 8948 --- [l-1 housekeeper] com.zaxxer.hikari.pool.HikariPool        : HikariPool-1 - Thread starvation or clock leap detected (housekeeper delta=54m41s127ms437µs500ns).
